<?xml version="1.0" encoding="UTF-8"?>
<!-- Generated by org.testng.reporters.JUnitReportReporter -->
<testsuite hostname="DESKTOP-J77L1O0" failures="0" tests="1" name="com.Test.Art_and_Photography_Test" time="29.461" errors="0" timestamp="2023-02-21T09:40:38 IST" skipped="0">
  <testcase classname="com.Test.Art_and_Photography_Test" name="Art_and_Photography_Post" time="29.461"/>
  <system-out/>
</testsuite> <!-- com.Test.Art_and_Photography_Test -->
