<?xml version="1.0" encoding="UTF-8"?>
<!-- Generated by org.testng.reporters.JUnitReportReporter -->
<testsuite hostname="DESKTOP-J77L1O0" failures="0" tests="1" name="com.Test.Biographies_and_MemoirsPageTest" time="114.702" errors="0" timestamp="2023-02-21T09:40:38 IST" skipped="0">
  <testcase classname="com.Test.Biographies_and_MemoirsPageTest" name="Biographies_and_Memoirs_Post" time="114.702"/>
  <system-out/>
</testsuite> <!-- com.Test.Biographies_and_MemoirsPageTest -->
