<?xml version="1.0" encoding="UTF-8"?>
<!-- Generated by org.testng.reporters.JUnitReportReporter -->
<testsuite hostname="DESKTOP-J77L1O0" failures="0" tests="1" name="com.Test.BookSwagan_HomePageTest" time="24.915" errors="0" timestamp="2023-02-21T09:40:38 IST" skipped="0">
  <testcase classname="com.Test.BookSwagan_HomePageTest" name="BookSwagan_Home_Post" time="24.915"/>
  <system-out/>
</testsuite> <!-- com.Test.BookSwagan_HomePageTest -->
