<?xml version="1.0" encoding="UTF-8"?>
<!-- Generated by org.testng.reporters.JUnitReportReporter -->
<testsuite hostname="DESKTOP-J77L1O0" failures="0" tests="1" name="com.Test.New_Arrivals_Test" time="30.068" errors="0" timestamp="2023-02-21T09:40:38 IST" skipped="0">
  <testcase classname="com.Test.New_Arrivals_Test" name="New_Arrivals_Post" time="30.068"/>
  <system-out/>
</testsuite> <!-- com.Test.New_Arrivals_Test -->
