<?xml version="1.0" encoding="UTF-8"?>
<!-- Generated by org.testng.reporters.JUnitReportReporter -->
<testsuite hostname="DESKTOP-J77L1O0" failures="0" tests="1" name="com.Test.Dictionaries_and_languagesPageTest" time="21.295" errors="0" timestamp="2023-02-21T09:40:38 IST" skipped="0">
  <testcase classname="com.Test.Dictionaries_and_languagesPageTest" name="Dictionaries_and_languages_Post" time="21.295"/>
  <system-out/>
</testsuite> <!-- com.Test.Dictionaries_and_languagesPageTest -->
